2026-03-07T22:06:50.155+03:00  INFO 29792 --- [accounts] [main] com.accounts.ServiceApplication          : Starting ServiceApplication using Java 21.0.5 with PID 29792 (C:\Users\C-ROAD\Desktop\microservice-new\account\target\classes started by C-ROAD in C:\Users\C-ROAD\Desktop\microservice-new\account)
2026-03-07T22:06:50.162+03:00  INFO 29792 --- [accounts] [main] com.accounts.ServiceApplication          : The following 1 profile is active: "prod"
2026-03-07T22:06:50.210+03:00  INFO 29792 --- [accounts] [main] o.s.c.c.c.ConfigServerConfigDataLoader   : Fetching config from server at : http://localhost:8083
2026-03-07T22:06:50.210+03:00  INFO 29792 --- [accounts] [main] o.s.c.c.c.ConfigServerConfigDataLoader   : Located environment: name=accounts, profiles=[default], label=null, version=null, state=null
2026-03-07T22:06:50.211+03:00  INFO 29792 --- [accounts] [main] o.s.c.c.c.ConfigServerConfigDataLoader   : Fetching config from server at : http://localhost:8083
2026-03-07T22:06:50.211+03:00  INFO 29792 --- [accounts] [main] o.s.c.c.c.ConfigServerConfigDataLoader   : Located environment: name=accounts, profiles=[prod], label=null, version=null, state=null
2026-03-07T22:06:50.804+03:00  INFO 29792 --- [accounts] [main] .s.d.r.c.RepositoryConfigurationDelegate : Bootstrapping Spring Data JPA repositories in DEFAULT mode.
2026-03-07T22:06:50.868+03:00  INFO 29792 --- [accounts] [main] .s.d.r.c.RepositoryConfigurationDelegate : Finished Spring Data repository scanning in 56 ms. Found 2 JPA repository interfaces.
2026-03-07T22:06:51.278+03:00  INFO 29792 --- [accounts] [main] o.s.cloud.context.scope.GenericScope     : BeanFactory id=fa2fda4d-183f-37a8-855d-de0d02a1fd59
2026-03-07T22:06:52.494+03:00  INFO 29792 --- [accounts] [main] o.s.b.w.embedded.tomcat.TomcatWebServer  : Tomcat initialized with port 8080 (http)
2026-03-07T22:06:52.512+03:00  INFO 29792 --- [accounts] [main] o.apache.catalina.core.StandardService   : Starting service [Tomcat]
2026-03-07T22:06:52.513+03:00  INFO 29792 --- [accounts] [main] o.apache.catalina.core.StandardEngine    : Starting Servlet engine: [Apache Tomcat/10.1.36]
2026-03-07T22:06:52.611+03:00  INFO 29792 --- [accounts] [main] o.a.c.c.C.[.[.[/account-service]         : Initializing Spring embedded WebApplicationContext
2026-03-07T22:06:52.612+03:00  INFO 29792 --- [accounts] [main] w.s.c.ServletWebServerApplicationContext : Root WebApplicationContext: initialization completed in 2400 ms
2026-03-07T22:06:52.818+03:00  INFO 29792 --- [accounts] [main] o.hibernate.jpa.internal.util.LogHelper  : HHH000204: Processing PersistenceUnitInfo [name: default]
2026-03-07T22:06:52.914+03:00  INFO 29792 --- [accounts] [main] org.hibernate.Version                    : HHH000412: Hibernate ORM core version 6.6.8.Final
2026-03-07T22:06:52.963+03:00  INFO 29792 --- [accounts] [main] o.h.c.internal.RegionFactoryInitiator    : HHH000026: Second-level cache disabled
2026-03-07T22:06:53.272+03:00  INFO 29792 --- [accounts] [main] o.s.o.j.p.SpringPersistenceUnitInfo      : No LoadTimeWeaver setup: ignoring JPA class transformer
2026-03-07T22:06:53.314+03:00  INFO 29792 --- [accounts] [main] com.zaxxer.hikari.HikariDataSource       : HikariPool-1 - Starting...
2026-03-07T22:06:53.875+03:00  INFO 29792 --- [accounts] [main] com.zaxxer.hikari.pool.HikariPool        : HikariPool-1 - Added connection com.mysql.cj.jdbc.ConnectionImpl@6054ac20
2026-03-07T22:06:53.877+03:00  INFO 29792 --- [accounts] [main] com.zaxxer.hikari.HikariDataSource       : HikariPool-1 - Start completed.
2026-03-07T22:06:53.969+03:00  INFO 29792 --- [accounts] [main] org.hibernate.orm.connections.pooling    : HHH10001005: Database info:
	Database JDBC URL [Connecting through datasource 'HikariDataSource (HikariPool-1)']
	Database driver: undefined/unknown
	Database version: 8.0.41
	Autocommit mode: undefined/unknown
	Isolation level: undefined/unknown
	Minimum pool size: undefined/unknown
	Maximum pool size: undefined/unknown
2026-03-07T22:06:54.946+03:00  INFO 29792 --- [accounts] [main] o.h.e.t.j.p.i.JtaPlatformInitiator       : HHH000489: No JTA platform available (set 'hibernate.transaction.jta.platform' to enable JTA platform integration)
2026-03-07T22:06:55.057+03:00  INFO 29792 --- [accounts] [main] j.LocalContainerEntityManagerFactoryBean : Initialized JPA EntityManagerFactory for persistence unit 'default'
2026-03-07T22:06:55.453+03:00  WARN 29792 --- [accounts] [main] JpaBaseConfiguration$JpaWebConfiguration : spring.jpa.open-in-view is enabled by default. Therefore, database queries may be performed during view rendering. Explicitly configure spring.jpa.open-in-view to disable this warning
2026-03-07T22:06:55.837+03:00  INFO 29792 --- [accounts] [main] o.s.b.w.embedded.tomcat.TomcatWebServer  : Tomcat started on port 8080 (http) with context path '/account-service'
2026-03-07T22:06:55.849+03:00  INFO 29792 --- [accounts] [main] com.accounts.ServiceApplication          : Started ServiceApplication in 7.078 seconds (process running for 7.966)
2026-03-07T22:07:25.040+03:00  INFO 29792 --- [accounts] [http-nio-8080-exec-2] o.a.c.c.C.[.[.[/account-service]         : Initializing Spring DispatcherServlet 'dispatcherServlet'
2026-03-07T22:07:25.041+03:00  INFO 29792 --- [accounts] [http-nio-8080-exec-2] o.s.web.servlet.DispatcherServlet        : Initializing Servlet 'dispatcherServlet'
2026-03-07T22:07:25.042+03:00  INFO 29792 --- [accounts] [http-nio-8080-exec-2] o.s.web.servlet.DispatcherServlet        : Completed initialization in 1 ms
2026-03-07T22:07:51.303+03:00  INFO 29792 --- [accounts] [http-nio-8080-exec-3] com.accounts.service.AccountService      : Creating Account for nationalId: UK-554fdeff433221
2026-03-07T22:07:51.313+03:00  INFO 29792 --- [accounts] [http-nio-8080-exec-3] com.accounts.service.AccountService      : created Account Number 100085263592
2026-03-07T22:08:36.122+03:00  INFO 29792 --- [accounts] [SpringApplicationShutdownHook] o.s.b.w.e.tomcat.GracefulShutdown        : Commencing graceful shutdown. Waiting for active requests to complete
2026-03-07T22:08:36.140+03:00  INFO 29792 --- [accounts] [tomcat-shutdown] o.s.b.w.e.tomcat.GracefulShutdown        : Graceful shutdown complete
2026-03-07T22:08:36.148+03:00  INFO 29792 --- [accounts] [SpringApplicationShutdownHook] j.LocalContainerEntityManagerFactoryBean : Closing JPA EntityManagerFactory for persistence unit 'default'
2026-03-07T22:08:36.151+03:00  INFO 29792 --- [accounts] [SpringApplicationShutdownHook] com.zaxxer.hikari.HikariDataSource       : HikariPool-1 - Shutdown initiated...
2026-03-07T22:08:36.165+03:00  INFO 29792 --- [accounts] [SpringApplicationShutdownHook] com.zaxxer.hikari.HikariDataSource       : HikariPool-1 - Shutdown completed.
2026-03-07T22:08:41.082+03:00  INFO 34332 --- [accounts] [main] com.accounts.ServiceApplication          : Starting ServiceApplication using Java 21.0.5 with PID 34332 (C:\Users\C-ROAD\Desktop\microservice-new\account\target\classes started by C-ROAD in C:\Users\C-ROAD\Desktop\microservice-new\account)
2026-03-07T22:08:41.084+03:00  INFO 34332 --- [accounts] [main] com.accounts.ServiceApplication          : The following 1 profile is active: "prod"
2026-03-07T22:08:41.120+03:00  INFO 34332 --- [accounts] [main] o.s.c.c.c.ConfigServerConfigDataLoader   : Fetching config from server at : http://localhost:8083
2026-03-07T22:08:41.121+03:00  INFO 34332 --- [accounts] [main] o.s.c.c.c.ConfigServerConfigDataLoader   : Located environment: name=accounts, profiles=[default], label=null, version=null, state=null
2026-03-07T22:08:41.121+03:00  INFO 34332 --- [accounts] [main] o.s.c.c.c.ConfigServerConfigDataLoader   : Fetching config from server at : http://localhost:8083
2026-03-07T22:08:41.121+03:00  INFO 34332 --- [accounts] [main] o.s.c.c.c.ConfigServerConfigDataLoader   : Located environment: name=accounts, profiles=[prod], label=null, version=null, state=null
2026-03-07T22:08:42.332+03:00  INFO 34332 --- [accounts] [main] .s.d.r.c.RepositoryConfigurationDelegate : Bootstrapping Spring Data JPA repositories in DEFAULT mode.
2026-03-07T22:08:42.501+03:00  INFO 34332 --- [accounts] [main] .s.d.r.c.RepositoryConfigurationDelegate : Finished Spring Data repository scanning in 145 ms. Found 2 JPA repository interfaces.
2026-03-07T22:08:42.749+03:00  INFO 34332 --- [accounts] [main] o.s.cloud.context.scope.GenericScope     : BeanFactory id=fa2fda4d-183f-37a8-855d-de0d02a1fd59
2026-03-07T22:08:43.228+03:00  INFO 34332 --- [accounts] [main] o.s.b.w.embedded.tomcat.TomcatWebServer  : Tomcat initialized with port 8080 (http)
2026-03-07T22:08:43.241+03:00  INFO 34332 --- [accounts] [main] o.apache.catalina.core.StandardService   : Starting service [Tomcat]
2026-03-07T22:08:43.242+03:00  INFO 34332 --- [accounts] [main] o.apache.catalina.core.StandardEngine    : Starting Servlet engine: [Apache Tomcat/10.1.36]
2026-03-07T22:08:43.354+03:00  INFO 34332 --- [accounts] [main] o.a.c.c.C.[.[.[/account-service]         : Initializing Spring embedded WebApplicationContext
2026-03-07T22:08:43.355+03:00  INFO 34332 --- [accounts] [main] w.s.c.ServletWebServerApplicationContext : Root WebApplicationContext: initialization completed in 2232 ms
2026-03-07T22:08:43.620+03:00  INFO 34332 --- [accounts] [main] o.hibernate.jpa.internal.util.LogHelper  : HHH000204: Processing PersistenceUnitInfo [name: default]
2026-03-07T22:08:43.669+03:00  INFO 34332 --- [accounts] [main] org.hibernate.Version                    : HHH000412: Hibernate ORM core version 6.6.8.Final
2026-03-07T22:08:43.699+03:00  INFO 34332 --- [accounts] [main] o.h.c.internal.RegionFactoryInitiator    : HHH000026: Second-level cache disabled
2026-03-07T22:08:43.951+03:00  INFO 34332 --- [accounts] [main] o.s.o.j.p.SpringPersistenceUnitInfo      : No LoadTimeWeaver setup: ignoring JPA class transformer
2026-03-07T22:08:43.980+03:00  INFO 34332 --- [accounts] [main] com.zaxxer.hikari.HikariDataSource       : HikariPool-1 - Starting...
2026-03-07T22:08:44.500+03:00  INFO 34332 --- [accounts] [main] com.zaxxer.hikari.pool.HikariPool        : HikariPool-1 - Added connection com.mysql.cj.jdbc.ConnectionImpl@70bc9070
2026-03-07T22:08:44.502+03:00  INFO 34332 --- [accounts] [main] com.zaxxer.hikari.HikariDataSource       : HikariPool-1 - Start completed.
2026-03-07T22:08:44.571+03:00  INFO 34332 --- [accounts] [main] org.hibernate.orm.connections.pooling    : HHH10001005: Database info:
	Database JDBC URL [Connecting through datasource 'HikariDataSource (HikariPool-1)']
	Database driver: undefined/unknown
	Database version: 8.0.41
	Autocommit mode: undefined/unknown
	Isolation level: undefined/unknown
	Minimum pool size: undefined/unknown
	Maximum pool size: undefined/unknown
2026-03-07T22:08:45.477+03:00  INFO 34332 --- [accounts] [main] o.h.e.t.j.p.i.JtaPlatformInitiator       : HHH000489: No JTA platform available (set 'hibernate.transaction.jta.platform' to enable JTA platform integration)
2026-03-07T22:08:45.583+03:00  INFO 34332 --- [accounts] [main] j.LocalContainerEntityManagerFactoryBean : Initialized JPA EntityManagerFactory for persistence unit 'default'
2026-03-07T22:08:45.991+03:00  WARN 34332 --- [accounts] [main] JpaBaseConfiguration$JpaWebConfiguration : spring.jpa.open-in-view is enabled by default. Therefore, database queries may be performed during view rendering. Explicitly configure spring.jpa.open-in-view to disable this warning
2026-03-07T22:08:46.352+03:00  INFO 34332 --- [accounts] [main] o.s.b.w.embedded.tomcat.TomcatWebServer  : Tomcat started on port 8080 (http) with context path '/account-service'
2026-03-07T22:08:46.365+03:00  INFO 34332 --- [accounts] [main] com.accounts.ServiceApplication          : Started ServiceApplication in 6.397 seconds (process running for 7.278)
2026-03-07T22:08:58.404+03:00  INFO 34332 --- [accounts] [http-nio-8080-exec-1] o.a.c.c.C.[.[.[/account-service]         : Initializing Spring DispatcherServlet 'dispatcherServlet'
2026-03-07T22:08:58.405+03:00  INFO 34332 --- [accounts] [http-nio-8080-exec-1] o.s.web.servlet.DispatcherServlet        : Initializing Servlet 'dispatcherServlet'
2026-03-07T22:08:58.407+03:00  INFO 34332 --- [accounts] [http-nio-8080-exec-1] o.s.web.servlet.DispatcherServlet        : Completed initialization in 2 ms
2026-03-07T22:08:58.491+03:00  INFO 34332 --- [accounts] [http-nio-8080-exec-1] com.accounts.service.AccountService      : Creating Account for nationalId: UK-554fdefsf433221
2026-03-07T22:08:58.674+03:00  INFO 34332 --- [accounts] [http-nio-8080-exec-1] com.accounts.service.AccountService      : created Account Number 100534765735
2026-03-07T22:22:23.188+03:00  INFO 34332 --- [accounts] [SpringApplicationShutdownHook] o.s.b.w.e.tomcat.GracefulShutdown        : Commencing graceful shutdown. Waiting for active requests to complete
2026-03-07T22:22:23.198+03:00  INFO 34332 --- [accounts] [tomcat-shutdown] o.s.b.w.e.tomcat.GracefulShutdown        : Graceful shutdown complete
2026-03-07T22:22:23.206+03:00  INFO 34332 --- [accounts] [SpringApplicationShutdownHook] j.LocalContainerEntityManagerFactoryBean : Closing JPA EntityManagerFactory for persistence unit 'default'
2026-03-07T22:22:23.211+03:00  INFO 34332 --- [accounts] [SpringApplicationShutdownHook] com.zaxxer.hikari.HikariDataSource       : HikariPool-1 - Shutdown initiated...
2026-03-07T22:22:23.225+03:00  INFO 34332 --- [accounts] [SpringApplicationShutdownHook] com.zaxxer.hikari.HikariDataSource       : HikariPool-1 - Shutdown completed.
2026-03-07T22:22:32.035+03:00  INFO 2916 --- [accounts] [main] com.accounts.ServiceApplicationTests     : Starting ServiceApplicationTests using Java 21.0.5 with PID 2916 (started by C-ROAD in C:\Users\C-ROAD\Desktop\microservice-new\account)
2026-03-07T22:22:32.038+03:00  INFO 2916 --- [accounts] [main] com.accounts.ServiceApplicationTests     : No active profile set, falling back to 1 default profile: "default"
2026-03-07T22:22:32.115+03:00  INFO 2916 --- [accounts] [main] o.s.c.c.c.ConfigServerConfigDataLoader   : Fetching config from server at : http://localhost:8083
2026-03-07T22:22:32.116+03:00  INFO 2916 --- [accounts] [main] o.s.c.c.c.ConfigServerConfigDataLoader   : Located environment: name=accounts, profiles=[default], label=null, version=null, state=null
2026-03-07T22:22:33.532+03:00  INFO 2916 --- [accounts] [main] .s.d.r.c.RepositoryConfigurationDelegate : Bootstrapping Spring Data JPA repositories in DEFAULT mode.
2026-03-07T22:22:33.850+03:00  INFO 2916 --- [accounts] [main] .s.d.r.c.RepositoryConfigurationDelegate : Finished Spring Data repository scanning in 301 ms. Found 2 JPA repository interfaces.
2026-03-07T22:22:34.273+03:00  INFO 2916 --- [accounts] [main] o.s.cloud.context.scope.GenericScope     : BeanFactory id=fac5be6d-388c-336d-a228-8eac2905930b
2026-03-07T22:22:35.139+03:00  INFO 2916 --- [accounts] [main] o.hibernate.jpa.internal.util.LogHelper  : HHH000204: Processing PersistenceUnitInfo [name: default]
2026-03-07T22:22:35.374+03:00  INFO 2916 --- [accounts] [main] org.hibernate.Version                    : HHH000412: Hibernate ORM core version 6.6.8.Final
2026-03-07T22:22:35.478+03:00  INFO 2916 --- [accounts] [main] o.h.c.internal.RegionFactoryInitiator    : HHH000026: Second-level cache disabled
2026-03-07T22:22:36.514+03:00  INFO 2916 --- [accounts] [main] o.s.o.j.p.SpringPersistenceUnitInfo      : No LoadTimeWeaver setup: ignoring JPA class transformer
2026-03-07T22:22:36.579+03:00  INFO 2916 --- [accounts] [main] com.zaxxer.hikari.HikariDataSource       : HikariPool-1 - Starting...
2026-03-07T22:22:37.881+03:00  INFO 2916 --- [accounts] [main] com.zaxxer.hikari.pool.HikariPool        : HikariPool-1 - Added connection com.mysql.cj.jdbc.ConnectionImpl@14e83c9d
2026-03-07T22:22:37.886+03:00  INFO 2916 --- [accounts] [main] com.zaxxer.hikari.HikariDataSource       : HikariPool-1 - Start completed.
2026-03-07T22:22:38.139+03:00  INFO 2916 --- [accounts] [main] org.hibernate.orm.connections.pooling    : HHH10001005: Database info:
	Database JDBC URL [Connecting through datasource 'HikariDataSource (HikariPool-1)']
	Database driver: undefined/unknown
	Database version: 8.0.41
	Autocommit mode: undefined/unknown
	Isolation level: undefined/unknown
	Minimum pool size: undefined/unknown
	Maximum pool size: undefined/unknown
2026-03-07T22:22:39.797+03:00  INFO 21444 --- [accounts] [main] com.accounts.ServiceApplication          : Starting ServiceApplication using Java 21.0.5 with PID 21444 (C:\Users\C-ROAD\Desktop\microservice-new\account\target\classes started by C-ROAD in C:\Users\C-ROAD\Desktop\microservice-new\account)
2026-03-07T22:22:39.801+03:00  INFO 21444 --- [accounts] [main] com.accounts.ServiceApplication          : The following 1 profile is active: "prod"
2026-03-07T22:22:39.869+03:00  INFO 21444 --- [accounts] [main] o.s.c.c.c.ConfigServerConfigDataLoader   : Fetching config from server at : http://localhost:8083
2026-03-07T22:22:39.869+03:00  INFO 21444 --- [accounts] [main] o.s.c.c.c.ConfigServerConfigDataLoader   : Located environment: name=accounts, profiles=[default], label=null, version=null, state=null
2026-03-07T22:22:39.870+03:00  INFO 21444 --- [accounts] [main] o.s.c.c.c.ConfigServerConfigDataLoader   : Fetching config from server at : http://localhost:8083
2026-03-07T22:22:39.870+03:00  INFO 21444 --- [accounts] [main] o.s.c.c.c.ConfigServerConfigDataLoader   : Located environment: name=accounts, profiles=[prod], label=null, version=null, state=null
2026-03-07T22:22:40.201+03:00  INFO 2916 --- [accounts] [main] o.h.e.t.j.p.i.JtaPlatformInitiator       : HHH000489: No JTA platform available (set 'hibernate.transaction.jta.platform' to enable JTA platform integration)
2026-03-07T22:22:40.333+03:00  INFO 2916 --- [accounts] [main] j.LocalContainerEntityManagerFactoryBean : Initialized JPA EntityManagerFactory for persistence unit 'default'
2026-03-07T22:22:40.741+03:00  INFO 21444 --- [accounts] [main] .s.d.r.c.RepositoryConfigurationDelegate : Bootstrapping Spring Data JPA repositories in DEFAULT mode.
2026-03-07T22:22:40.859+03:00  INFO 21444 --- [accounts] [main] .s.d.r.c.RepositoryConfigurationDelegate : Finished Spring Data repository scanning in 104 ms. Found 2 JPA repository interfaces.
2026-03-07T22:22:41.171+03:00  INFO 21444 --- [accounts] [main] o.s.cloud.context.scope.GenericScope     : BeanFactory id=fa2fda4d-183f-37a8-855d-de0d02a1fd59
2026-03-07T22:22:41.193+03:00  WARN 2916 --- [accounts] [main] JpaBaseConfiguration$JpaWebConfiguration : spring.jpa.open-in-view is enabled by default. Therefore, database queries may be performed during view rendering. Explicitly configure spring.jpa.open-in-view to disable this warning
2026-03-07T22:22:41.917+03:00  INFO 2916 --- [accounts] [SpringApplicationShutdownHook] j.LocalContainerEntityManagerFactoryBean : Closing JPA EntityManagerFactory for persistence unit 'default'
2026-03-07T22:22:41.920+03:00  INFO 2916 --- [accounts] [SpringApplicationShutdownHook] com.zaxxer.hikari.HikariDataSource       : HikariPool-1 - Shutdown initiated...
2026-03-07T22:22:41.927+03:00  INFO 2916 --- [accounts] [main] com.accounts.ServiceApplicationTests     : Started ServiceApplicationTests in 11.956 seconds (process running for 14.829)
2026-03-07T22:22:41.943+03:00  INFO 2916 --- [accounts] [SpringApplicationShutdownHook] com.zaxxer.hikari.HikariDataSource       : HikariPool-1 - Shutdown completed.
2026-03-07T22:22:41.991+03:00  INFO 21444 --- [accounts] [main] o.s.b.w.embedded.tomcat.TomcatWebServer  : Tomcat initialized with port 8080 (http)
2026-03-07T22:22:42.006+03:00  INFO 21444 --- [accounts] [main] o.apache.catalina.core.StandardService   : Starting service [Tomcat]
2026-03-07T22:22:42.006+03:00  INFO 21444 --- [accounts] [main] o.apache.catalina.core.StandardEngine    : Starting Servlet engine: [Apache Tomcat/10.1.36]
2026-03-07T22:22:42.094+03:00  INFO 21444 --- [accounts] [main] o.a.c.c.C.[.[.[/account-service]         : Initializing Spring embedded WebApplicationContext
2026-03-07T22:22:42.094+03:00  INFO 21444 --- [accounts] [main] w.s.c.ServletWebServerApplicationContext : Root WebApplicationContext: initialization completed in 2222 ms
2026-03-07T22:22:42.273+03:00  INFO 21444 --- [accounts] [main] o.hibernate.jpa.internal.util.LogHelper  : HHH000204: Processing PersistenceUnitInfo [name: default]
2026-03-07T22:22:42.322+03:00  INFO 21444 --- [accounts] [main] org.hibernate.Version                    : HHH000412: Hibernate ORM core version 6.6.8.Final
2026-03-07T22:22:42.380+03:00  INFO 21444 --- [accounts] [main] o.h.c.internal.RegionFactoryInitiator    : HHH000026: Second-level cache disabled
2026-03-07T22:22:42.750+03:00  INFO 21444 --- [accounts] [main] o.s.o.j.p.SpringPersistenceUnitInfo      : No LoadTimeWeaver setup: ignoring JPA class transformer
2026-03-07T22:22:42.777+03:00  INFO 21444 --- [accounts] [main] com.zaxxer.hikari.HikariDataSource       : HikariPool-1 - Starting...
2026-03-07T22:22:43.569+03:00  INFO 21444 --- [accounts] [main] com.zaxxer.hikari.pool.HikariPool        : HikariPool-1 - Added connection com.mysql.cj.jdbc.ConnectionImpl@641e67fa
2026-03-07T22:22:43.570+03:00  INFO 21444 --- [accounts] [main] com.zaxxer.hikari.HikariDataSource       : HikariPool-1 - Start completed.
2026-03-07T22:22:43.643+03:00  INFO 21444 --- [accounts] [main] org.hibernate.orm.connections.pooling    : HHH10001005: Database info:
	Database JDBC URL [Connecting through datasource 'HikariDataSource (HikariPool-1)']
	Database driver: undefined/unknown
	Database version: 8.0.41
	Autocommit mode: undefined/unknown
	Isolation level: undefined/unknown
	Minimum pool size: undefined/unknown
	Maximum pool size: undefined/unknown
2026-03-07T22:22:44.610+03:00  INFO 21444 --- [accounts] [main] o.h.e.t.j.p.i.JtaPlatformInitiator       : HHH000489: No JTA platform available (set 'hibernate.transaction.jta.platform' to enable JTA platform integration)
2026-03-07T22:22:44.742+03:00  INFO 21444 --- [accounts] [main] j.LocalContainerEntityManagerFactoryBean : Initialized JPA EntityManagerFactory for persistence unit 'default'
2026-03-07T22:22:45.211+03:00  WARN 21444 --- [accounts] [main] JpaBaseConfiguration$JpaWebConfiguration : spring.jpa.open-in-view is enabled by default. Therefore, database queries may be performed during view rendering. Explicitly configure spring.jpa.open-in-view to disable this warning
2026-03-07T22:22:45.693+03:00  INFO 21444 --- [accounts] [main] o.s.b.w.embedded.tomcat.TomcatWebServer  : Tomcat started on port 8080 (http) with context path '/account-service'
2026-03-07T22:22:45.709+03:00  INFO 21444 --- [accounts] [main] com.accounts.ServiceApplication          : Started ServiceApplication in 8.412 seconds (process running for 10.132)
2026-03-07T22:22:49.260+03:00  INFO 21444 --- [accounts] [http-nio-8080-exec-3] o.a.c.c.C.[.[.[/account-service]         : Initializing Spring DispatcherServlet 'dispatcherServlet'
2026-03-07T22:22:49.261+03:00  INFO 21444 --- [accounts] [http-nio-8080-exec-3] o.s.web.servlet.DispatcherServlet        : Initializing Servlet 'dispatcherServlet'
2026-03-07T22:22:49.263+03:00  INFO 21444 --- [accounts] [http-nio-8080-exec-3] o.s.web.servlet.DispatcherServlet        : Completed initialization in 2 ms
